  Boom.cpp
  Box.cpp
  Bullet.cpp
c:\users\jimmylin\desktop\code\cpp\bigproject2\bigprojecttankwar\tankwar2\consoletankwar\consoletankwar\bullet.h(7): warning C4067: 预处理器指令后有意外标记 - 应输入换行符
  ConsoleTankWar.cpp
c:\users\jimmylin\desktop\code\cpp\bigproject2\bigprojecttankwar\tankwar2\consoletankwar\consoletankwar\bullet.h(7): warning C4067: 预处理器指令后有意外标记 - 应输入换行符
c:\users\jimmylin\desktop\code\cpp\bigproject2\bigprojecttankwar\tankwar2\consoletankwar\consoletankwar\missle.h(18): error C2065: “Tank”: 未声明的标识符
c:\users\jimmylin\desktop\code\cpp\bigproject2\bigprojecttankwar\tankwar2\consoletankwar\consoletankwar\missle.h(18): error C2923: “std::deque”: 对于参数“_Ty”，“Tank”不是有效的 模板 类型变量
c:\users\jimmylin\desktop\code\cpp\bigproject2\bigprojecttankwar\tankwar2\consoletankwar\consoletankwar\missle.h(18): error C2903: “allocator”: 符号既不是类 模板 也不是函数 模板
c:\users\jimmylin\desktop\code\cpp\bigproject2\bigprojecttankwar\tankwar2\consoletankwar\consoletankwar\missle.h(18): error C3203: “allocator”: 未专用化的 类 模板 不能用作 模板 变量，该变量属于 模板 参数“_Alloc”，应为 real 类型
c:\users\jimmylin\desktop\code\cpp\bigproject2\bigprojecttankwar\tankwar2\consoletankwar\consoletankwar\missle.h(19): error C2061: 语法错误: 标识符“Tank”
c:\users\jimmylin\desktop\code\cpp\bigproject2\bigprojecttankwar\tankwar2\consoletankwar\consoletankwar\missle.h(20): error C2065: “Tank”: 未声明的标识符
c:\users\jimmylin\desktop\code\cpp\bigproject2\bigprojecttankwar\tankwar2\consoletankwar\consoletankwar\missle.h(20): error C2923: “std::deque”: 对于参数“_Ty”，“Tank”不是有效的 模板 类型变量
c:\users\jimmylin\desktop\code\cpp\bigproject2\bigprojecttankwar\tankwar2\consoletankwar\consoletankwar\missle.h(20): error C2903: “allocator”: 符号既不是类 模板 也不是函数 模板
c:\users\jimmylin\desktop\code\cpp\bigproject2\bigprojecttankwar\tankwar2\consoletankwar\consoletankwar\missle.h(20): error C3203: “allocator”: 未专用化的 类 模板 不能用作 模板 变量，该变量属于 模板 参数“_Alloc”，应为 real 类型
c:\users\jimmylin\desktop\code\cpp\bigproject2\bigprojecttankwar\tankwar2\consoletankwar\consoletankwar\consoletankwar.cpp(21): error C3867: “UI::Initgraph”: 非标准语法；请使用 "&" 来创建指向成员的指针
  Drone.cpp
  Fire.cpp
  Group.cpp
c:\users\jimmylin\desktop\code\cpp\bigproject2\bigprojecttankwar\tankwar2\consoletankwar\consoletankwar\bullet.h(7): warning C4067: 预处理器指令后有意外标记 - 应输入换行符
c:\users\jimmylin\desktop\code\cpp\bigproject2\bigprojecttankwar\tankwar2\consoletankwar\consoletankwar\missle.h(18): error C2065: “Tank”: 未声明的标识符
c:\users\jimmylin\desktop\code\cpp\bigproject2\bigprojecttankwar\tankwar2\consoletankwar\consoletankwar\missle.h(18): error C2923: “std::deque”: 对于参数“_Ty”，“Tank”不是有效的 模板 类型变量
c:\users\jimmylin\desktop\code\cpp\bigproject2\bigprojecttankwar\tankwar2\consoletankwar\consoletankwar\missle.h(18): error C2903: “allocator”: 符号既不是类 模板 也不是函数 模板
c:\users\jimmylin\desktop\code\cpp\bigproject2\bigprojecttankwar\tankwar2\consoletankwar\consoletankwar\missle.h(18): error C3203: “allocator”: 未专用化的 类 模板 不能用作 模板 变量，该变量属于 模板 参数“_Alloc”，应为 real 类型
c:\users\jimmylin\desktop\code\cpp\bigproject2\bigprojecttankwar\tankwar2\consoletankwar\consoletankwar\missle.h(19): error C2061: 语法错误: 标识符“Tank”
c:\users\jimmylin\desktop\code\cpp\bigproject2\bigprojecttankwar\tankwar2\consoletankwar\consoletankwar\missle.h(20): error C2065: “Tank”: 未声明的标识符
c:\users\jimmylin\desktop\code\cpp\bigproject2\bigprojecttankwar\tankwar2\consoletankwar\consoletankwar\missle.h(20): error C2923: “std::deque”: 对于参数“_Ty”，“Tank”不是有效的 模板 类型变量
c:\users\jimmylin\desktop\code\cpp\bigproject2\bigprojecttankwar\tankwar2\consoletankwar\consoletankwar\missle.h(20): error C2903: “allocator”: 符号既不是类 模板 也不是函数 模板
c:\users\jimmylin\desktop\code\cpp\bigproject2\bigprojecttankwar\tankwar2\consoletankwar\consoletankwar\missle.h(20): error C3203: “allocator”: 未专用化的 类 模板 不能用作 模板 变量，该变量属于 模板 参数“_Alloc”，应为 real 类型
c:\users\jimmylin\desktop\code\cpp\bigproject2\bigprojecttankwar\tankwar2\consoletankwar\consoletankwar\map.h(45): error C2079: “Map::Fgroup”使用未定义的 class“TankGroup”
c:\users\jimmylin\desktop\code\cpp\bigproject2\bigprojecttankwar\tankwar2\consoletankwar\consoletankwar\map.h(46): error C2079: “Map::Egroup”使用未定义的 class“TankGroup”
c:\users\jimmylin\desktop\code\cpp\bigproject2\bigprojecttankwar\tankwar2\consoletankwar\consoletankwar\group.cpp(32): warning C4244: “+=”: 从“double”转换到“int”，可能丢失数据
c:\users\jimmylin\desktop\code\cpp\bigproject2\bigprojecttankwar\tankwar2\consoletankwar\consoletankwar\group.cpp(53): warning C4244: “+=”: 从“double”转换到“int”，可能丢失数据
  Map.cpp
c:\users\jimmylin\desktop\code\cpp\bigproject2\bigprojecttankwar\tankwar2\consoletankwar\consoletankwar\bullet.h(7): warning C4067: 预处理器指令后有意外标记 - 应输入换行符
c:\users\jimmylin\desktop\code\cpp\bigproject2\bigprojecttankwar\tankwar2\consoletankwar\consoletankwar\missle.h(18): error C2065: “Tank”: 未声明的标识符
c:\users\jimmylin\desktop\code\cpp\bigproject2\bigprojecttankwar\tankwar2\consoletankwar\consoletankwar\missle.h(18): error C2923: “std::deque”: 对于参数“_Ty”，“Tank”不是有效的 模板 类型变量
c:\users\jimmylin\desktop\code\cpp\bigproject2\bigprojecttankwar\tankwar2\consoletankwar\consoletankwar\missle.h(18): error C2903: “allocator”: 符号既不是类 模板 也不是函数 模板
c:\users\jimmylin\desktop\code\cpp\bigproject2\bigprojecttankwar\tankwar2\consoletankwar\consoletankwar\missle.h(18): error C3203: “allocator”: 未专用化的 类 模板 不能用作 模板 变量，该变量属于 模板 参数“_Alloc”，应为 real 类型
c:\users\jimmylin\desktop\code\cpp\bigproject2\bigprojecttankwar\tankwar2\consoletankwar\consoletankwar\missle.h(19): error C2061: 语法错误: 标识符“Tank”
c:\users\jimmylin\desktop\code\cpp\bigproject2\bigprojecttankwar\tankwar2\consoletankwar\consoletankwar\missle.h(20): error C2065: “Tank”: 未声明的标识符
c:\users\jimmylin\desktop\code\cpp\bigproject2\bigprojecttankwar\tankwar2\consoletankwar\consoletankwar\missle.h(20): error C2923: “std::deque”: 对于参数“_Ty”，“Tank”不是有效的 模板 类型变量
c:\users\jimmylin\desktop\code\cpp\bigproject2\bigprojecttankwar\tankwar2\consoletankwar\consoletankwar\missle.h(20): error C2903: “allocator”: 符号既不是类 模板 也不是函数 模板
c:\users\jimmylin\desktop\code\cpp\bigproject2\bigprojecttankwar\tankwar2\consoletankwar\consoletankwar\missle.h(20): error C3203: “allocator”: 未专用化的 类 模板 不能用作 模板 变量，该变量属于 模板 参数“_Alloc”，应为 real 类型
c:\users\jimmylin\desktop\code\cpp\bigproject2\bigprojecttankwar\tankwar2\consoletankwar\consoletankwar\map.cpp(239): error C3867: “Object::ShowPosY”: 非标准语法；请使用 "&" 来创建指向成员的指针
c:\users\jimmylin\desktop\code\cpp\bigproject2\bigprojecttankwar\tankwar2\consoletankwar\consoletankwar\map.cpp(243): error C3867: “Weapon::showpower”: 非标准语法；请使用 "&" 来创建指向成员的指针
c:\users\jimmylin\desktop\code\cpp\bigproject2\bigprojecttankwar\tankwar2\consoletankwar\consoletankwar\map.cpp(250): error C3867: “Object::ShowPosY”: 非标准语法；请使用 "&" 来创建指向成员的指针
c:\users\jimmylin\desktop\code\cpp\bigproject2\bigprojecttankwar\tankwar2\consoletankwar\consoletankwar\map.cpp(254): error C3867: “Weapon::showpower”: 非标准语法；请使用 "&" 来创建指向成员的指针
c:\users\jimmylin\desktop\code\cpp\bigproject2\bigprojecttankwar\tankwar2\consoletankwar\consoletankwar\map.cpp(277): error C3867: “Object::ShowPosY”: 非标准语法；请使用 "&" 来创建指向成员的指针
c:\users\jimmylin\desktop\code\cpp\bigproject2\bigprojecttankwar\tankwar2\consoletankwar\consoletankwar\map.cpp(281): error C3867: “Weapon::showpower”: 非标准语法；请使用 "&" 来创建指向成员的指针
c:\users\jimmylin\desktop\code\cpp\bigproject2\bigprojecttankwar\tankwar2\consoletankwar\consoletankwar\map.cpp(288): error C3867: “Object::ShowPosY”: 非标准语法；请使用 "&" 来创建指向成员的指针
c:\users\jimmylin\desktop\code\cpp\bigproject2\bigprojecttankwar\tankwar2\consoletankwar\consoletankwar\map.cpp(292): error C3867: “Weapon::showpower”: 非标准语法；请使用 "&" 来创建指向成员的指针
c:\users\jimmylin\desktop\code\cpp\bigproject2\bigprojecttankwar\tankwar2\consoletankwar\consoletankwar\map.cpp(315): error C3867: “Object::ShowPosY”: 非标准语法；请使用 "&" 来创建指向成员的指针
c:\users\jimmylin\desktop\code\cpp\bigproject2\bigprojecttankwar\tankwar2\consoletankwar\consoletankwar\map.cpp(319): error C3867: “Weapon::showpower”: 非标准语法；请使用 "&" 来创建指向成员的指针
c:\users\jimmylin\desktop\code\cpp\bigproject2\bigprojecttankwar\tankwar2\consoletankwar\consoletankwar\map.cpp(326): error C3867: “Object::ShowPosY”: 非标准语法；请使用 "&" 来创建指向成员的指针
c:\users\jimmylin\desktop\code\cpp\bigproject2\bigprojecttankwar\tankwar2\consoletankwar\consoletankwar\map.cpp(330): error C3867: “Weapon::showpower”: 非标准语法；请使用 "&" 来创建指向成员的指针
c:\users\jimmylin\desktop\code\cpp\bigproject2\bigprojecttankwar\tankwar2\consoletankwar\consoletankwar\map.cpp(353): error C3867: “Object::ShowPosY”: 非标准语法；请使用 "&" 来创建指向成员的指针
c:\users\jimmylin\desktop\code\cpp\bigproject2\bigprojecttankwar\tankwar2\consoletankwar\consoletankwar\map.cpp(357): error C3867: “Weapon::showpower”: 非标准语法；请使用 "&" 来创建指向成员的指针
c:\users\jimmylin\desktop\code\cpp\bigproject2\bigprojecttankwar\tankwar2\consoletankwar\consoletankwar\map.cpp(364): error C3867: “Object::ShowPosY”: 非标准语法；请使用 "&" 来创建指向成员的指针
c:\users\jimmylin\desktop\code\cpp\bigproject2\bigprojecttankwar\tankwar2\consoletankwar\consoletankwar\map.cpp(368): error C3867: “Weapon::showpower”: 非标准语法；请使用 "&" 来创建指向成员的指针
c:\users\jimmylin\desktop\code\cpp\bigproject2\bigprojecttankwar\tankwar2\consoletankwar\consoletankwar\map.cpp(391): error C3867: “Object::ShowPosY”: 非标准语法；请使用 "&" 来创建指向成员的指针
c:\users\jimmylin\desktop\code\cpp\bigproject2\bigprojecttankwar\tankwar2\consoletankwar\consoletankwar\map.cpp(395): error C3867: “Weapon::showpower”: 非标准语法；请使用 "&" 来创建指向成员的指针
c:\users\jimmylin\desktop\code\cpp\bigproject2\bigprojecttankwar\tankwar2\consoletankwar\consoletankwar\map.cpp(401): error C3867: “Object::ShowPosY”: 非标准语法；请使用 "&" 来创建指向成员的指针
c:\users\jimmylin\desktop\code\cpp\bigproject2\bigprojecttankwar\tankwar2\consoletankwar\consoletankwar\map.cpp(405): error C3867: “Weapon::showpower”: 非标准语法；请使用 "&" 来创建指向成员的指针
c:\users\jimmylin\desktop\code\cpp\bigproject2\bigprojecttankwar\tankwar2\consoletankwar\consoletankwar\map.cpp(430): error C2664: “void Missle::gettarget(std::deque)”: 无法将参数 1 从“std::deque<Tank,std::allocator<_Ty>>”转换为“std::deque”
          with
          [
              _Ty=Tank
          ]
  c:\users\jimmylin\desktop\code\cpp\bigproject2\bigprojecttankwar\tankwar2\consoletankwar\consoletankwar\map.cpp(430): note: 没有可用于执行该转换的用户定义的转换运算符，或者无法调用该运算符
c:\users\jimmylin\desktop\code\cpp\bigproject2\bigprojecttankwar\tankwar2\consoletankwar\consoletankwar\map.cpp(431): error C2664: “void Missle::setdir(std::deque)”: 无法将参数 1 从“std::deque<Tank,std::allocator<_Ty>>”转换为“std::deque”
          with
          [
              _Ty=Tank
          ]
  c:\users\jimmylin\desktop\code\cpp\bigproject2\bigprojecttankwar\tankwar2\consoletankwar\consoletankwar\map.cpp(431): note: 没有可用于执行该转换的用户定义的转换运算符，或者无法调用该运算符
c:\users\jimmylin\desktop\code\cpp\bigproject2\bigprojecttankwar\tankwar2\consoletankwar\consoletankwar\map.cpp(467): error C2664: “void Missle::gettarget(std::deque)”: 无法将参数 1 从“std::deque<Tank,std::allocator<_Ty>>”转换为“std::deque”
          with
          [
              _Ty=Tank
          ]
  c:\users\jimmylin\desktop\code\cpp\bigproject2\bigprojecttankwar\tankwar2\consoletankwar\consoletankwar\map.cpp(467): note: 没有可用于执行该转换的用户定义的转换运算符，或者无法调用该运算符
c:\users\jimmylin\desktop\code\cpp\bigproject2\bigprojecttankwar\tankwar2\consoletankwar\consoletankwar\map.cpp(468): error C2664: “void Missle::setdir(std::deque)”: 无法将参数 1 从“std::deque<Tank,std::allocator<_Ty>>”转换为“std::deque”
          with
          [
              _Ty=Tank
          ]
  c:\users\jimmylin\desktop\code\cpp\bigproject2\bigprojecttankwar\tankwar2\consoletankwar\consoletankwar\map.cpp(468): note: 没有可用于执行该转换的用户定义的转换运算符，或者无法调用该运算符
  MiniGun.cpp
  Missle.cpp
c:\users\jimmylin\desktop\code\cpp\bigproject2\bigprojecttankwar\tankwar2\consoletankwar\consoletankwar\bullet.h(7): warning C4067: 预处理器指令后有意外标记 - 应输入换行符
  Object.cpp
  RandomP.cpp
  Tank.cpp
c:\users\jimmylin\desktop\code\cpp\bigproject2\bigprojecttankwar\tankwar2\consoletankwar\consoletankwar\bullet.h(7): warning C4067: 预处理器指令后有意外标记 - 应输入换行符
c:\users\jimmylin\desktop\code\cpp\bigproject2\bigprojecttankwar\tankwar2\consoletankwar\consoletankwar\missle.h(18): error C2065: “Tank”: 未声明的标识符
c:\users\jimmylin\desktop\code\cpp\bigproject2\bigprojecttankwar\tankwar2\consoletankwar\consoletankwar\missle.h(18): error C2923: “std::deque”: 对于参数“_Ty”，“Tank”不是有效的 模板 类型变量
c:\users\jimmylin\desktop\code\cpp\bigproject2\bigprojecttankwar\tankwar2\consoletankwar\consoletankwar\missle.h(18): error C2903: “allocator”: 符号既不是类 模板 也不是函数 模板
c:\users\jimmylin\desktop\code\cpp\bigproject2\bigprojecttankwar\tankwar2\consoletankwar\consoletankwar\missle.h(18): error C3203: “allocator”: 未专用化的 类 模板 不能用作 模板 变量，该变量属于 模板 参数“_Alloc”，应为 real 类型
c:\users\jimmylin\desktop\code\cpp\bigproject2\bigprojecttankwar\tankwar2\consoletankwar\consoletankwar\missle.h(19): error C2061: 语法错误: 标识符“Tank”
c:\users\jimmylin\desktop\code\cpp\bigproject2\bigprojecttankwar\tankwar2\consoletankwar\consoletankwar\missle.h(20): error C2065: “Tank”: 未声明的标识符
c:\users\jimmylin\desktop\code\cpp\bigproject2\bigprojecttankwar\tankwar2\consoletankwar\consoletankwar\missle.h(20): error C2923: “std::deque”: 对于参数“_Ty”，“Tank”不是有效的 模板 类型变量
c:\users\jimmylin\desktop\code\cpp\bigproject2\bigprojecttankwar\tankwar2\consoletankwar\consoletankwar\missle.h(20): error C2903: “allocator”: 符号既不是类 模板 也不是函数 模板
c:\users\jimmylin\desktop\code\cpp\bigproject2\bigprojecttankwar\tankwar2\consoletankwar\consoletankwar\missle.h(20): error C3203: “allocator”: 未专用化的 类 模板 不能用作 模板 变量，该变量属于 模板 参数“_Alloc”，应为 real 类型
  UserInterface.cpp
c:\users\jimmylin\desktop\code\cpp\bigproject2\bigprojecttankwar\tankwar2\consoletankwar\consoletankwar\bullet.h(7): warning C4067: 预处理器指令后有意外标记 - 应输入换行符
c:\users\jimmylin\desktop\code\cpp\bigproject2\bigprojecttankwar\tankwar2\consoletankwar\consoletankwar\missle.h(18): error C2065: “Tank”: 未声明的标识符
c:\users\jimmylin\desktop\code\cpp\bigproject2\bigprojecttankwar\tankwar2\consoletankwar\consoletankwar\missle.h(18): error C2923: “std::deque”: 对于参数“_Ty”，“Tank”不是有效的 模板 类型变量
c:\users\jimmylin\desktop\code\cpp\bigproject2\bigprojecttankwar\tankwar2\consoletankwar\consoletankwar\missle.h(18): error C2903: “allocator”: 符号既不是类 模板 也不是函数 模板
c:\users\jimmylin\desktop\code\cpp\bigproject2\bigprojecttankwar\tankwar2\consoletankwar\consoletankwar\missle.h(18): error C3203: “allocator”: 未专用化的 类 模板 不能用作 模板 变量，该变量属于 模板 参数“_Alloc”，应为 real 类型
c:\users\jimmylin\desktop\code\cpp\bigproject2\bigprojecttankwar\tankwar2\consoletankwar\consoletankwar\missle.h(19): error C2061: 语法错误: 标识符“Tank”
c:\users\jimmylin\desktop\code\cpp\bigproject2\bigprojecttankwar\tankwar2\consoletankwar\consoletankwar\missle.h(20): error C2065: “Tank”: 未声明的标识符
c:\users\jimmylin\desktop\code\cpp\bigproject2\bigprojecttankwar\tankwar2\consoletankwar\consoletankwar\missle.h(20): error C2923: “std::deque”: 对于参数“_Ty”，“Tank”不是有效的 模板 类型变量
c:\users\jimmylin\desktop\code\cpp\bigproject2\bigprojecttankwar\tankwar2\consoletankwar\consoletankwar\missle.h(20): error C2903: “allocator”: 符号既不是类 模板 也不是函数 模板
c:\users\jimmylin\desktop\code\cpp\bigproject2\bigprojecttankwar\tankwar2\consoletankwar\consoletankwar\missle.h(20): error C3203: “allocator”: 未专用化的 类 模板 不能用作 模板 变量，该变量属于 模板 参数“_Alloc”，应为 real 类型
  正在生成代码...
c:\users\jimmylin\desktop\code\cpp\bigproject2\bigprojecttankwar\tankwar2\consoletankwar\consoletankwar\randomp.cpp(37): warning C4715: “RandomP::uniform”: 不是所有的控件路径都返回值
